<?xml version="1.0" encoding="UTF-8"?>
<!-- Generated by org.testng.reporters.JUnitReportReporter -->
<testsuite skipped="0" hostname="DEBU" name="com.qa.ecommerce.tests.HomePageTest" tests="1" failures="0" timestamp="2021-09-02T09:07:27 IST" time="18.919" errors="0">
  <testcase name="MYAccountPageTitleTest" time="18.919" classname="com.qa.ecommerce.tests.HomePageTest"/>
  <system-out/>
</testsuite> <!-- com.qa.ecommerce.tests.HomePageTest -->
