<?xml version="1.0" encoding="UTF-8"?>
<!-- Generated by org.testng.reporters.JUnitReportReporter -->
<testsuite skipped="0" hostname="DEBU" name="com.qa.ecommerce.tests.OrderPageTest" tests="2" failures="0" timestamp="2021-08-24T13:35:04 IST" time="52.740" errors="0">
  <testcase name="validateChangeinQuantityMessage" time="26.300" classname="com.qa.ecommerce.tests.OrderPageTest"/>
  <system-out/>
  <testcase name="validateChangeinQuantityMessagesb" time="26.440" classname="com.qa.ecommerce.tests.OrderPageTest"/>
  <system-out/>
</testsuite> <!-- com.qa.ecommerce.tests.OrderPageTest -->
