<?xml version="1.0" encoding="UTF-8"?>
<!-- Generated by org.testng.reporters.JUnitReportReporter -->
<testsuite skipped="0" hostname="DEBU" name="com.qa.ecommerce.tests.SignInTest" tests="1" failures="0" timestamp="2021-09-12T14:12:00 IST" time="13.615" errors="0">
  <testcase name="SignInPageTitletest" time="13.615" classname="com.qa.ecommerce.tests.SignInTest"/>
  <system-out/>
</testsuite> <!-- com.qa.ecommerce.tests.SignInTest -->
