<?xml version="1.0" encoding="UTF-8"?>
<!-- Generated by org.testng.reporters.JUnitReportReporter -->
<testsuite skipped="0" hostname="DEBU" name="com.qa.ecommerce.tests.MyAccountPageTest" tests="1" failures="0" timestamp="2021-08-21T20:36:32 IST" time="49.960" errors="0">
  <testcase name="validateAddressField" time="49.960" classname="com.qa.ecommerce.tests.MyAccountPageTest"/>
  <system-out/>
</testsuite> <!-- com.qa.ecommerce.tests.MyAccountPageTest -->
