<?xml version="1.0" encoding="UTF-8"?>
<!-- Generated by org.testng.reporters.JUnitReportReporter -->
<testsuite skipped="0" hostname="DEBU" name="com.qa.ecommerce.tests.OrderHistoryPageTest" tests="2" failures="0" timestamp="2021-08-22T10:19:10 IST" time="39.188" errors="0">
  <testcase name="validatePagetitle" time="20.168" classname="com.qa.ecommerce.tests.OrderHistoryPageTest"/>
  <system-out/>
  <testcase name="validateAlertMessage" time="19.020" classname="com.qa.ecommerce.tests.OrderHistoryPageTest"/>
  <system-out/>
</testsuite> <!-- com.qa.ecommerce.tests.OrderHistoryPageTest -->
