<?xml version="1.0" encoding="UTF-8"?>
<!-- Generated by org.testng.reporters.JUnitReportReporter -->
<testsuite skipped="0" hostname="DEBU" name="com.qa.ecommerce.tests.HomePageTest" tests="2" failures="0" timestamp="2021-08-22T10:53:52 IST" time="32.277" errors="0">
  <testcase name="MYAccountPageTitleTest" time="19.929" classname="com.qa.ecommerce.tests.HomePageTest"/>
  <system-out/>
  <testcase name="validateSuccessMesgafteraddingToCart" time="12.348" classname="com.qa.ecommerce.tests.HomePageTest"/>
  <system-out/>
</testsuite> <!-- com.qa.ecommerce.tests.HomePageTest -->
