<?xml version="1.0" encoding="UTF-8"?>
<!-- Generated by org.testng.reporters.JUnitReportReporter -->
<testsuite skipped="0" hostname="DEBU" name="com.qa.ecommerce.tests.MyInfoPageTest" tests="1" failures="0" timestamp="2021-08-22T09:56:35 IST" time="21.552" errors="0">
  <testcase name="verifyFieldValues" time="21.552" classname="com.qa.ecommerce.tests.MyInfoPageTest"/>
  <system-out/>
</testsuite> <!-- com.qa.ecommerce.tests.MyInfoPageTest -->
