<?xml version="1.0" encoding="UTF-8"?>
<!-- Generated by org.testng.reporters.JUnitReportReporter -->
<testsuite skipped="0" hostname="DEBU" name="com.qa.ecommerce.tests.OrderPageTest" tests="1" failures="0" timestamp="2021-08-26T12:03:11 IST" time="31.725" errors="0">
  <testcase name="validatePageHeading" time="31.725" classname="com.qa.ecommerce.tests.OrderPageTest"/>
  <system-out/>
</testsuite> <!-- com.qa.ecommerce.tests.OrderPageTest -->
